<?xml version="1.0" encoding="UTF-8"?>
<!-- Generated by org.testng.reporters.JUnitReportReporter -->
<testsuite hostname="LAPTOP-5H9HEO78" failures="0" tests="3" name="Pallavi_Practise_Project.Test.SubmitOrderTest" time="73.532" errors="0" timestamp="2024-09-17T13:49:43 IST" skipped="0">
  <testcase classname="Pallavi_Practise_Project.Test.SubmitOrderTest" name="OrderHistoryTest" time="32.718"/>
  <testcase classname="Pallavi_Practise_Project.Test.SubmitOrderTest" name="submitOrder" time="18.697"/>
  <testcase classname="Pallavi_Practise_Project.Test.SubmitOrderTest" name="submitOrder" time="22.117"/>
</testsuite> <!-- Pallavi_Practise_Project.Test.SubmitOrderTest -->
