<?xml version="1.0" encoding="UTF-8"?>
<!-- Generated by org.testng.reporters.JUnitReportReporter -->
<testsuite hostname="LAPTOP-5H9HEO78" failures="0" tests="1" name="Pallavi_Practise_Project.Test.ErrorValidation" time="18.127" errors="0" timestamp="2024-09-11T13:10:37 IST" skipped="0">
  <testcase classname="Pallavi_Practise_Project.Test.ErrorValidation" name="submitOrder" time="18.127"/>
</testsuite> <!-- Pallavi_Practise_Project.Test.ErrorValidation -->
