<?xml version="1.0" encoding="UTF-8"?>
<!-- Generated by org.testng.reporters.JUnitReportReporter -->
<testsuite hostname="LAPTOP-5H9HEO78" failures="0" tests="3" name="Pallavi_Practise_Project.Test.SubmitOrderTest" time="103.255" errors="0" timestamp="2024-09-17T22:03:29 IST" skipped="0">
  <testcase classname="Pallavi_Practise_Project.Test.SubmitOrderTest" name="OrderHistoryTest" time="32.398"/>
  <testcase classname="Pallavi_Practise_Project.Test.SubmitOrderTest" name="submitOrder" time="38.092"/>
  <testcase classname="Pallavi_Practise_Project.Test.SubmitOrderTest" name="submitOrder" time="32.765"/>
</testsuite> <!-- Pallavi_Practise_Project.Test.SubmitOrderTest -->
