<?xml version="1.0" encoding="UTF-8"?>
<!-- Generated by org.testng.reporters.JUnitReportReporter -->
<testsuite hostname="LAPTOP-5H9HEO78" failures="0" tests="2" name="Pallavi_Practise_Project.Test.ErrorValidationTest" time="69.106" errors="0" timestamp="2024-09-17T22:03:29 IST" skipped="0">
  <testcase classname="Pallavi_Practise_Project.Test.ErrorValidationTest" name="ProductErrorValidation" time="36.349"/>
  <testcase classname="Pallavi_Practise_Project.Test.ErrorValidationTest" name="LoginErrorValidation" time="32.757"/>
</testsuite> <!-- Pallavi_Practise_Project.Test.ErrorValidationTest -->
